mode: set
go-sdk-template/common/headers.go:51.101,57.2 3 1
go-sdk-template/common/headers.go:61.32,63.2 1 1
go-sdk-template/common/headers.go:67.29,69.2 1 1
go-sdk-template/icpdv1/icpd_v1.go:44.69,45.23 1 1
go-sdk-template/icpdv1/icpd_v1.go:49.2,55.16 3 1
go-sdk-template/icpdv1/icpd_v1.go:59.2,63.8 2 1
go-sdk-template/icpdv1/icpd_v1.go:45.23,47.3 1 0
go-sdk-template/icpdv1/icpd_v1.go:55.16,57.3 1 0
go-sdk-template/icpdv1/icpd_v1.go:68.135,69.120 1 1
go-sdk-template/icpdv1/icpd_v1.go:72.2,72.106 1 1
go-sdk-template/icpdv1/icpd_v1.go:76.2,80.108 4 1
go-sdk-template/icpdv1/icpd_v1.go:84.2,84.76 1 1
go-sdk-template/icpdv1/icpd_v1.go:88.2,89.50 2 1
go-sdk-template/icpdv1/icpd_v1.go:93.2,97.50 4 1
go-sdk-template/icpdv1/icpd_v1.go:100.2,100.50 1 1
go-sdk-template/icpdv1/icpd_v1.go:103.2,103.60 1 1
go-sdk-template/icpdv1/icpd_v1.go:107.2,108.16 2 1
go-sdk-template/icpdv1/icpd_v1.go:112.2,113.22 2 1
go-sdk-template/icpdv1/icpd_v1.go:69.120,71.3 1 1
go-sdk-template/icpdv1/icpd_v1.go:72.106,74.3 1 0
go-sdk-template/icpdv1/icpd_v1.go:80.108,82.3 1 0
go-sdk-template/icpdv1/icpd_v1.go:84.76,86.3 1 0
go-sdk-template/icpdv1/icpd_v1.go:89.50,91.3 1 1
go-sdk-template/icpdv1/icpd_v1.go:97.50,99.3 1 1
go-sdk-template/icpdv1/icpd_v1.go:100.50,102.3 1 1
go-sdk-template/icpdv1/icpd_v1.go:103.60,105.3 1 0
go-sdk-template/icpdv1/icpd_v1.go:108.16,110.3 1 0
go-sdk-template/icpdv1/icpd_v1.go:117.100,119.8 2 1
go-sdk-template/icpdv1/icpd_v1.go:122.2,122.12 1 0
go-sdk-template/icpdv1/icpd_v1.go:119.8,121.3 1 1
go-sdk-template/icpdv1/icpd_v1.go:127.105,128.86 1 1
go-sdk-template/icpdv1/icpd_v1.go:132.2,136.108 4 1
go-sdk-template/icpdv1/icpd_v1.go:140.2,140.66 1 1
go-sdk-template/icpdv1/icpd_v1.go:144.2,145.50 2 1
go-sdk-template/icpdv1/icpd_v1.go:149.2,150.38 2 1
go-sdk-template/icpdv1/icpd_v1.go:154.2,155.16 2 1
go-sdk-template/icpdv1/icpd_v1.go:159.2,160.22 2 1
go-sdk-template/icpdv1/icpd_v1.go:128.86,130.3 1 1
go-sdk-template/icpdv1/icpd_v1.go:136.108,138.3 1 0
go-sdk-template/icpdv1/icpd_v1.go:140.66,142.3 1 0
go-sdk-template/icpdv1/icpd_v1.go:145.50,147.3 1 1
go-sdk-template/icpdv1/icpd_v1.go:150.38,152.3 1 0
go-sdk-template/icpdv1/icpd_v1.go:155.16,157.3 1 0
go-sdk-template/icpdv1/icpd_v1.go:164.96,166.8 2 1
go-sdk-template/icpdv1/icpd_v1.go:169.2,169.12 1 0
go-sdk-template/icpdv1/icpd_v1.go:166.8,168.3 1 1
go-sdk-template/icpdv1/icpd_v1.go:174.102,175.84 1 1
go-sdk-template/icpdv1/icpd_v1.go:179.2,183.108 4 1
go-sdk-template/icpdv1/icpd_v1.go:187.2,187.65 1 1
go-sdk-template/icpdv1/icpd_v1.go:191.2,192.50 2 1
go-sdk-template/icpdv1/icpd_v1.go:196.2,200.42 4 1
go-sdk-template/icpdv1/icpd_v1.go:203.2,203.36 1 1
go-sdk-template/icpdv1/icpd_v1.go:206.2,206.39 1 1
go-sdk-template/icpdv1/icpd_v1.go:209.2,209.40 1 1
go-sdk-template/icpdv1/icpd_v1.go:212.2,212.60 1 1
go-sdk-template/icpdv1/icpd_v1.go:216.2,217.16 2 1
go-sdk-template/icpdv1/icpd_v1.go:221.2,222.22 2 1
go-sdk-template/icpdv1/icpd_v1.go:175.84,177.3 1 1
go-sdk-template/icpdv1/icpd_v1.go:183.108,185.3 1 0
go-sdk-template/icpdv1/icpd_v1.go:187.65,189.3 1 0
go-sdk-template/icpdv1/icpd_v1.go:192.50,194.3 1 1
go-sdk-template/icpdv1/icpd_v1.go:200.42,202.3 1 0
go-sdk-template/icpdv1/icpd_v1.go:203.36,205.3 1 0
go-sdk-template/icpdv1/icpd_v1.go:206.39,208.3 1 0
go-sdk-template/icpdv1/icpd_v1.go:209.40,211.3 1 0
go-sdk-template/icpdv1/icpd_v1.go:212.60,214.3 1 0
go-sdk-template/icpdv1/icpd_v1.go:217.16,219.3 1 0
go-sdk-template/icpdv1/icpd_v1.go:226.101,228.8 2 1
go-sdk-template/icpdv1/icpd_v1.go:231.2,231.12 1 0
go-sdk-template/icpdv1/icpd_v1.go:228.8,230.3 1 1
go-sdk-template/icpdv1/icpd_v1.go:236.93,237.92 1 1
go-sdk-template/icpdv1/icpd_v1.go:240.2,240.78 1 1
go-sdk-template/icpdv1/icpd_v1.go:244.2,248.108 4 1
go-sdk-template/icpdv1/icpd_v1.go:252.2,252.62 1 1
go-sdk-template/icpdv1/icpd_v1.go:256.2,257.50 2 1
go-sdk-template/icpdv1/icpd_v1.go:261.2,262.34 2 1
go-sdk-template/icpdv1/icpd_v1.go:266.2,267.16 2 1
go-sdk-template/icpdv1/icpd_v1.go:271.2,272.22 2 1
go-sdk-template/icpdv1/icpd_v1.go:237.92,239.3 1 1
go-sdk-template/icpdv1/icpd_v1.go:240.78,242.3 1 0
go-sdk-template/icpdv1/icpd_v1.go:248.108,250.3 1 0
go-sdk-template/icpdv1/icpd_v1.go:252.62,254.3 1 0
go-sdk-template/icpdv1/icpd_v1.go:257.50,259.3 1 1
go-sdk-template/icpdv1/icpd_v1.go:262.34,264.3 1 0
go-sdk-template/icpdv1/icpd_v1.go:267.16,269.3 1 0
go-sdk-template/icpdv1/icpd_v1.go:276.88,278.8 2 1
go-sdk-template/icpdv1/icpd_v1.go:281.2,281.12 1 0
go-sdk-template/icpdv1/icpd_v1.go:278.8,280.3 1 1
go-sdk-template/icpdv1/icpd_v1.go:286.102,287.98 1 1
go-sdk-template/icpdv1/icpd_v1.go:290.2,290.84 1 1
go-sdk-template/icpdv1/icpd_v1.go:294.2,298.108 4 1
go-sdk-template/icpdv1/icpd_v1.go:302.2,302.65 1 1
go-sdk-template/icpdv1/icpd_v1.go:306.2,307.50 2 1
go-sdk-template/icpdv1/icpd_v1.go:311.2,315.45 4 1
go-sdk-template/icpdv1/icpd_v1.go:318.2,318.42 1 1
go-sdk-template/icpdv1/icpd_v1.go:321.2,321.36 1 1
go-sdk-template/icpdv1/icpd_v1.go:324.2,324.40 1 1
go-sdk-template/icpdv1/icpd_v1.go:327.2,327.60 1 1
go-sdk-template/icpdv1/icpd_v1.go:331.2,332.16 2 1
go-sdk-template/icpdv1/icpd_v1.go:336.2,337.22 2 1
go-sdk-template/icpdv1/icpd_v1.go:287.98,289.3 1 1
go-sdk-template/icpdv1/icpd_v1.go:290.84,292.3 1 0
go-sdk-template/icpdv1/icpd_v1.go:298.108,300.3 1 0
go-sdk-template/icpdv1/icpd_v1.go:302.65,304.3 1 0
go-sdk-template/icpdv1/icpd_v1.go:307.50,309.3 1 1
go-sdk-template/icpdv1/icpd_v1.go:315.45,317.3 1 0
go-sdk-template/icpdv1/icpd_v1.go:318.42,320.3 1 0
go-sdk-template/icpdv1/icpd_v1.go:321.36,323.3 1 0
go-sdk-template/icpdv1/icpd_v1.go:324.40,326.3 1 0
go-sdk-template/icpdv1/icpd_v1.go:327.60,329.3 1 0
go-sdk-template/icpdv1/icpd_v1.go:332.16,334.3 1 0
go-sdk-template/icpdv1/icpd_v1.go:341.91,343.8 2 1
go-sdk-template/icpdv1/icpd_v1.go:346.2,346.12 1 0
go-sdk-template/icpdv1/icpd_v1.go:343.8,345.3 1 1
go-sdk-template/icpdv1/icpd_v1.go:351.102,352.98 1 1
go-sdk-template/icpdv1/icpd_v1.go:355.2,355.84 1 1
go-sdk-template/icpdv1/icpd_v1.go:359.2,363.108 4 1
go-sdk-template/icpdv1/icpd_v1.go:367.2,367.65 1 1
go-sdk-template/icpdv1/icpd_v1.go:371.2,372.50 2 1
go-sdk-template/icpdv1/icpd_v1.go:376.2,377.37 2 1
go-sdk-template/icpdv1/icpd_v1.go:381.2,382.16 2 1
go-sdk-template/icpdv1/icpd_v1.go:386.2,387.22 2 1
go-sdk-template/icpdv1/icpd_v1.go:352.98,354.3 1 1
go-sdk-template/icpdv1/icpd_v1.go:355.84,357.3 1 0
go-sdk-template/icpdv1/icpd_v1.go:363.108,365.3 1 0
go-sdk-template/icpdv1/icpd_v1.go:367.65,369.3 1 0
go-sdk-template/icpdv1/icpd_v1.go:372.50,374.3 1 1
go-sdk-template/icpdv1/icpd_v1.go:377.37,379.3 1 0
go-sdk-template/icpdv1/icpd_v1.go:382.16,384.3 1 0
go-sdk-template/icpdv1/icpd_v1.go:391.91,393.8 2 1
go-sdk-template/icpdv1/icpd_v1.go:396.2,396.12 1 0
go-sdk-template/icpdv1/icpd_v1.go:393.8,395.3 1 1
go-sdk-template/icpdv1/icpd_v1.go:401.105,402.86 1 1
go-sdk-template/icpdv1/icpd_v1.go:406.2,410.108 4 1
go-sdk-template/icpdv1/icpd_v1.go:414.2,414.66 1 1
go-sdk-template/icpdv1/icpd_v1.go:418.2,419.50 2 1
go-sdk-template/icpdv1/icpd_v1.go:423.2,424.38 2 1
go-sdk-template/icpdv1/icpd_v1.go:428.2,429.16 2 1
go-sdk-template/icpdv1/icpd_v1.go:433.2,434.22 2 1
go-sdk-template/icpdv1/icpd_v1.go:402.86,404.3 1 1
go-sdk-template/icpdv1/icpd_v1.go:410.108,412.3 1 0
go-sdk-template/icpdv1/icpd_v1.go:414.66,416.3 1 0
go-sdk-template/icpdv1/icpd_v1.go:419.50,421.3 1 1
go-sdk-template/icpdv1/icpd_v1.go:424.38,426.3 1 0
go-sdk-template/icpdv1/icpd_v1.go:429.16,431.3 1 0
go-sdk-template/icpdv1/icpd_v1.go:438.96,440.8 2 1
go-sdk-template/icpdv1/icpd_v1.go:443.2,443.12 1 0
go-sdk-template/icpdv1/icpd_v1.go:440.8,442.3 1 1
go-sdk-template/icpdv1/icpd_v1.go:448.102,449.84 1 1
go-sdk-template/icpdv1/icpd_v1.go:453.2,457.108 4 1
go-sdk-template/icpdv1/icpd_v1.go:461.2,461.65 1 1
go-sdk-template/icpdv1/icpd_v1.go:465.2,466.50 2 1
go-sdk-template/icpdv1/icpd_v1.go:470.2,474.42 4 1
go-sdk-template/icpdv1/icpd_v1.go:477.2,477.42 1 1
go-sdk-template/icpdv1/icpd_v1.go:480.2,480.39 1 1
go-sdk-template/icpdv1/icpd_v1.go:483.2,483.60 1 1
go-sdk-template/icpdv1/icpd_v1.go:487.2,488.16 2 1
go-sdk-template/icpdv1/icpd_v1.go:492.2,493.22 2 1
go-sdk-template/icpdv1/icpd_v1.go:449.84,451.3 1 1
go-sdk-template/icpdv1/icpd_v1.go:457.108,459.3 1 0
go-sdk-template/icpdv1/icpd_v1.go:461.65,463.3 1 0
go-sdk-template/icpdv1/icpd_v1.go:466.50,468.3 1 1
go-sdk-template/icpdv1/icpd_v1.go:474.42,476.3 1 0
go-sdk-template/icpdv1/icpd_v1.go:477.42,479.3 1 0
go-sdk-template/icpdv1/icpd_v1.go:480.39,482.3 1 0
go-sdk-template/icpdv1/icpd_v1.go:483.60,485.3 1 0
go-sdk-template/icpdv1/icpd_v1.go:488.16,490.3 1 0
go-sdk-template/icpdv1/icpd_v1.go:497.91,499.8 2 1
go-sdk-template/icpdv1/icpd_v1.go:502.2,502.12 1 0
go-sdk-template/icpdv1/icpd_v1.go:499.8,501.3 1 1
go-sdk-template/icpdv1/icpd_v1.go:507.123,508.98 1 1
go-sdk-template/icpdv1/icpd_v1.go:512.2,516.108 4 1
go-sdk-template/icpdv1/icpd_v1.go:520.2,520.72 1 1
go-sdk-template/icpdv1/icpd_v1.go:524.2,525.50 2 1
go-sdk-template/icpdv1/icpd_v1.go:529.2,530.44 2 1
go-sdk-template/icpdv1/icpd_v1.go:534.2,535.16 2 1
go-sdk-template/icpdv1/icpd_v1.go:539.2,540.22 2 1
go-sdk-template/icpdv1/icpd_v1.go:508.98,510.3 1 1
go-sdk-template/icpdv1/icpd_v1.go:516.108,518.3 1 0
go-sdk-template/icpdv1/icpd_v1.go:520.72,522.3 1 0
go-sdk-template/icpdv1/icpd_v1.go:525.50,527.3 1 1
go-sdk-template/icpdv1/icpd_v1.go:530.44,532.3 1 0
go-sdk-template/icpdv1/icpd_v1.go:535.16,537.3 1 0
go-sdk-template/icpdv1/icpd_v1.go:544.105,546.8 2 1
go-sdk-template/icpdv1/icpd_v1.go:549.2,549.12 1 0
go-sdk-template/icpdv1/icpd_v1.go:546.8,548.3 1 1
go-sdk-template/icpdv1/icpd_v1.go:554.93,555.92 1 1
go-sdk-template/icpdv1/icpd_v1.go:558.2,558.78 1 1
go-sdk-template/icpdv1/icpd_v1.go:562.2,566.108 4 1
go-sdk-template/icpdv1/icpd_v1.go:570.2,570.62 1 1
go-sdk-template/icpdv1/icpd_v1.go:574.2,575.50 2 1
go-sdk-template/icpdv1/icpd_v1.go:579.2,580.34 2 1
go-sdk-template/icpdv1/icpd_v1.go:584.2,585.16 2 1
go-sdk-template/icpdv1/icpd_v1.go:589.2,590.22 2 1
go-sdk-template/icpdv1/icpd_v1.go:555.92,557.3 1 1
go-sdk-template/icpdv1/icpd_v1.go:558.78,560.3 1 0
go-sdk-template/icpdv1/icpd_v1.go:566.108,568.3 1 0
go-sdk-template/icpdv1/icpd_v1.go:570.62,572.3 1 0
go-sdk-template/icpdv1/icpd_v1.go:575.50,577.3 1 1
go-sdk-template/icpdv1/icpd_v1.go:580.34,582.3 1 0
go-sdk-template/icpdv1/icpd_v1.go:585.16,587.3 1 0
go-sdk-template/icpdv1/icpd_v1.go:594.88,596.8 2 1
go-sdk-template/icpdv1/icpd_v1.go:599.2,599.12 1 0
go-sdk-template/icpdv1/icpd_v1.go:596.8,598.3 1 1
go-sdk-template/icpdv1/icpd_v1.go:604.102,605.98 1 1
go-sdk-template/icpdv1/icpd_v1.go:608.2,608.84 1 1
go-sdk-template/icpdv1/icpd_v1.go:612.2,616.108 4 1
go-sdk-template/icpdv1/icpd_v1.go:620.2,620.65 1 1
go-sdk-template/icpdv1/icpd_v1.go:624.2,625.50 2 1
go-sdk-template/icpdv1/icpd_v1.go:629.2,633.42 4 1
go-sdk-template/icpdv1/icpd_v1.go:636.2,636.42 1 1
go-sdk-template/icpdv1/icpd_v1.go:639.2,639.60 1 1
go-sdk-template/icpdv1/icpd_v1.go:643.2,644.16 2 1
go-sdk-template/icpdv1/icpd_v1.go:648.2,649.22 2 1
go-sdk-template/icpdv1/icpd_v1.go:605.98,607.3 1 1
go-sdk-template/icpdv1/icpd_v1.go:608.84,610.3 1 0
go-sdk-template/icpdv1/icpd_v1.go:616.108,618.3 1 0
go-sdk-template/icpdv1/icpd_v1.go:620.65,622.3 1 0
go-sdk-template/icpdv1/icpd_v1.go:625.50,627.3 1 1
go-sdk-template/icpdv1/icpd_v1.go:633.42,635.3 1 0
go-sdk-template/icpdv1/icpd_v1.go:636.42,638.3 1 0
go-sdk-template/icpdv1/icpd_v1.go:639.60,641.3 1 0
go-sdk-template/icpdv1/icpd_v1.go:644.16,646.3 1 0
go-sdk-template/icpdv1/icpd_v1.go:653.91,655.8 2 1
go-sdk-template/icpdv1/icpd_v1.go:658.2,658.12 1 0
go-sdk-template/icpdv1/icpd_v1.go:655.8,657.3 1 1
go-sdk-template/icpdv1/icpd_v1.go:663.102,664.98 1 1
go-sdk-template/icpdv1/icpd_v1.go:667.2,667.84 1 1
go-sdk-template/icpdv1/icpd_v1.go:671.2,675.108 4 1
go-sdk-template/icpdv1/icpd_v1.go:679.2,679.65 1 1
go-sdk-template/icpdv1/icpd_v1.go:683.2,684.50 2 1
go-sdk-template/icpdv1/icpd_v1.go:688.2,689.37 2 1
go-sdk-template/icpdv1/icpd_v1.go:693.2,694.16 2 1
go-sdk-template/icpdv1/icpd_v1.go:698.2,699.22 2 1
go-sdk-template/icpdv1/icpd_v1.go:664.98,666.3 1 1
go-sdk-template/icpdv1/icpd_v1.go:667.84,669.3 1 0
go-sdk-template/icpdv1/icpd_v1.go:675.108,677.3 1 0
go-sdk-template/icpdv1/icpd_v1.go:679.65,681.3 1 0
go-sdk-template/icpdv1/icpd_v1.go:684.50,686.3 1 1
go-sdk-template/icpdv1/icpd_v1.go:689.37,691.3 1 0
go-sdk-template/icpdv1/icpd_v1.go:694.16,696.3 1 0
go-sdk-template/icpdv1/icpd_v1.go:703.91,705.8 2 1
go-sdk-template/icpdv1/icpd_v1.go:708.2,708.12 1 0
go-sdk-template/icpdv1/icpd_v1.go:705.8,707.3 1 1
go-sdk-template/icpdv1/icpd_v1.go:713.114,714.106 1 1
go-sdk-template/icpdv1/icpd_v1.go:717.2,717.92 1 1
go-sdk-template/icpdv1/icpd_v1.go:721.2,725.108 4 1
go-sdk-template/icpdv1/icpd_v1.go:729.2,729.69 1 1
go-sdk-template/icpdv1/icpd_v1.go:733.2,734.50 2 1
go-sdk-template/icpdv1/icpd_v1.go:738.2,743.16 4 1
go-sdk-template/icpdv1/icpd_v1.go:747.2,748.22 2 1
go-sdk-template/icpdv1/icpd_v1.go:714.106,716.3 1 1
go-sdk-template/icpdv1/icpd_v1.go:717.92,719.3 1 0
go-sdk-template/icpdv1/icpd_v1.go:725.108,727.3 1 0
go-sdk-template/icpdv1/icpd_v1.go:729.69,731.3 1 0
go-sdk-template/icpdv1/icpd_v1.go:734.50,736.3 1 1
go-sdk-template/icpdv1/icpd_v1.go:743.16,745.3 1 0
go-sdk-template/icpdv1/icpd_v1.go:752.95,754.8 2 1
go-sdk-template/icpdv1/icpd_v1.go:757.2,757.12 1 0
go-sdk-template/icpdv1/icpd_v1.go:754.8,756.3 1 1
go-sdk-template/icpdv1/icpd_v1.go:762.87,763.74 1 1
go-sdk-template/icpdv1/icpd_v1.go:767.2,771.108 4 1
go-sdk-template/icpdv1/icpd_v1.go:775.2,775.60 1 1
go-sdk-template/icpdv1/icpd_v1.go:779.2,780.50 2 1
go-sdk-template/icpdv1/icpd_v1.go:784.2,785.32 2 1
go-sdk-template/icpdv1/icpd_v1.go:789.2,790.16 2 1
go-sdk-template/icpdv1/icpd_v1.go:794.2,795.22 2 1
go-sdk-template/icpdv1/icpd_v1.go:763.74,765.3 1 1
go-sdk-template/icpdv1/icpd_v1.go:771.108,773.3 1 0
go-sdk-template/icpdv1/icpd_v1.go:775.60,777.3 1 0
go-sdk-template/icpdv1/icpd_v1.go:780.50,782.3 1 1
go-sdk-template/icpdv1/icpd_v1.go:785.32,787.3 1 0
go-sdk-template/icpdv1/icpd_v1.go:790.16,792.3 1 0
go-sdk-template/icpdv1/icpd_v1.go:799.84,801.8 2 1
go-sdk-template/icpdv1/icpd_v1.go:804.2,804.12 1 0
go-sdk-template/icpdv1/icpd_v1.go:801.8,803.3 1 1
go-sdk-template/icpdv1/icpd_v1.go:809.96,810.80 1 1
go-sdk-template/icpdv1/icpd_v1.go:814.2,818.108 4 1
go-sdk-template/icpdv1/icpd_v1.go:822.2,822.63 1 1
go-sdk-template/icpdv1/icpd_v1.go:826.2,827.50 2 1
go-sdk-template/icpdv1/icpd_v1.go:831.2,835.40 4 1
go-sdk-template/icpdv1/icpd_v1.go:838.2,838.34 1 1
go-sdk-template/icpdv1/icpd_v1.go:841.2,841.60 1 1
go-sdk-template/icpdv1/icpd_v1.go:845.2,846.16 2 1
go-sdk-template/icpdv1/icpd_v1.go:850.2,851.22 2 1
go-sdk-template/icpdv1/icpd_v1.go:810.80,812.3 1 1
go-sdk-template/icpdv1/icpd_v1.go:818.108,820.3 1 0
go-sdk-template/icpdv1/icpd_v1.go:822.63,824.3 1 0
go-sdk-template/icpdv1/icpd_v1.go:827.50,829.3 1 1
go-sdk-template/icpdv1/icpd_v1.go:835.40,837.3 1 0
go-sdk-template/icpdv1/icpd_v1.go:838.34,840.3 1 0
go-sdk-template/icpdv1/icpd_v1.go:841.60,843.3 1 0
go-sdk-template/icpdv1/icpd_v1.go:846.16,848.3 1 0
go-sdk-template/icpdv1/icpd_v1.go:855.89,857.8 2 1
go-sdk-template/icpdv1/icpd_v1.go:860.2,860.12 1 0
go-sdk-template/icpdv1/icpd_v1.go:857.8,859.3 1 1
go-sdk-template/icpdv1/icpd_v1.go:865.126,866.100 1 1
go-sdk-template/icpdv1/icpd_v1.go:870.2,874.108 4 1
go-sdk-template/icpdv1/icpd_v1.go:878.2,878.73 1 1
go-sdk-template/icpdv1/icpd_v1.go:882.2,883.50 2 1
go-sdk-template/icpdv1/icpd_v1.go:887.2,890.16 3 1
go-sdk-template/icpdv1/icpd_v1.go:894.2,895.22 2 1
go-sdk-template/icpdv1/icpd_v1.go:866.100,868.3 1 1
go-sdk-template/icpdv1/icpd_v1.go:874.108,876.3 1 0
go-sdk-template/icpdv1/icpd_v1.go:878.73,880.3 1 0
go-sdk-template/icpdv1/icpd_v1.go:883.50,885.3 1 1
go-sdk-template/icpdv1/icpd_v1.go:890.16,892.3 1 0
go-sdk-template/icpdv1/icpd_v1.go:899.114,901.8 2 1
go-sdk-template/icpdv1/icpd_v1.go:904.2,904.12 1 0
go-sdk-template/icpdv1/icpd_v1.go:901.8,903.3 1 1
go-sdk-template/icpdv1/icpd_v1.go:909.123,910.112 1 1
go-sdk-template/icpdv1/icpd_v1.go:913.2,913.98 1 1
go-sdk-template/icpdv1/icpd_v1.go:917.2,921.108 4 1
go-sdk-template/icpdv1/icpd_v1.go:925.2,925.72 1 1
go-sdk-template/icpdv1/icpd_v1.go:929.2,930.50 2 1
go-sdk-template/icpdv1/icpd_v1.go:934.2,940.16 4 1
go-sdk-template/icpdv1/icpd_v1.go:944.2,945.22 2 0
go-sdk-template/icpdv1/icpd_v1.go:910.112,912.3 1 1
go-sdk-template/icpdv1/icpd_v1.go:913.98,915.3 1 0
go-sdk-template/icpdv1/icpd_v1.go:921.108,923.3 1 0
go-sdk-template/icpdv1/icpd_v1.go:925.72,927.3 1 0
go-sdk-template/icpdv1/icpd_v1.go:930.50,932.3 1 1
go-sdk-template/icpdv1/icpd_v1.go:940.16,942.3 1 0
go-sdk-template/icpdv1/icpd_v1.go:949.98,951.8 2 0
go-sdk-template/icpdv1/icpd_v1.go:954.2,954.12 1 0
go-sdk-template/icpdv1/icpd_v1.go:951.8,953.3 1 0
go-sdk-template/icpdv1/icpd_v1.go:961.123,962.112 1 1
go-sdk-template/icpdv1/icpd_v1.go:965.2,965.98 1 1
go-sdk-template/icpdv1/icpd_v1.go:969.2,973.108 4 1
go-sdk-template/icpdv1/icpd_v1.go:977.2,977.72 1 1
go-sdk-template/icpdv1/icpd_v1.go:981.2,982.50 2 1
go-sdk-template/icpdv1/icpd_v1.go:986.2,992.16 4 1
go-sdk-template/icpdv1/icpd_v1.go:996.2,997.22 2 0
go-sdk-template/icpdv1/icpd_v1.go:962.112,964.3 1 1
go-sdk-template/icpdv1/icpd_v1.go:965.98,967.3 1 0
go-sdk-template/icpdv1/icpd_v1.go:973.108,975.3 1 0
go-sdk-template/icpdv1/icpd_v1.go:977.72,979.3 1 0
go-sdk-template/icpdv1/icpd_v1.go:982.50,984.3 1 1
go-sdk-template/icpdv1/icpd_v1.go:992.16,994.3 1 0
go-sdk-template/icpdv1/icpd_v1.go:1001.98,1003.8 2 0
go-sdk-template/icpdv1/icpd_v1.go:1006.2,1006.12 1 0
go-sdk-template/icpdv1/icpd_v1.go:1003.8,1005.3 1 0
go-sdk-template/icpdv1/icpd_v1.go:1011.114,1012.106 1 1
go-sdk-template/icpdv1/icpd_v1.go:1015.2,1015.92 1 1
go-sdk-template/icpdv1/icpd_v1.go:1019.2,1023.108 4 1
go-sdk-template/icpdv1/icpd_v1.go:1027.2,1027.69 1 1
go-sdk-template/icpdv1/icpd_v1.go:1031.2,1032.50 2 1
go-sdk-template/icpdv1/icpd_v1.go:1036.2,1037.16 2 1
go-sdk-template/icpdv1/icpd_v1.go:1041.2,1042.22 2 1
go-sdk-template/icpdv1/icpd_v1.go:1012.106,1014.3 1 1
go-sdk-template/icpdv1/icpd_v1.go:1015.92,1017.3 1 0
go-sdk-template/icpdv1/icpd_v1.go:1023.108,1025.3 1 0
go-sdk-template/icpdv1/icpd_v1.go:1027.69,1029.3 1 0
go-sdk-template/icpdv1/icpd_v1.go:1032.50,1034.3 1 1
go-sdk-template/icpdv1/icpd_v1.go:1037.16,1039.3 1 0
go-sdk-template/icpdv1/icpd_v1.go:1047.123,1048.112 1 1
go-sdk-template/icpdv1/icpd_v1.go:1051.2,1051.98 1 1
go-sdk-template/icpdv1/icpd_v1.go:1055.2,1059.108 4 1
go-sdk-template/icpdv1/icpd_v1.go:1063.2,1063.72 1 1
go-sdk-template/icpdv1/icpd_v1.go:1067.2,1068.50 2 1
go-sdk-template/icpdv1/icpd_v1.go:1072.2,1075.16 3 1
go-sdk-template/icpdv1/icpd_v1.go:1079.2,1080.22 2 1
go-sdk-template/icpdv1/icpd_v1.go:1048.112,1050.3 1 1
go-sdk-template/icpdv1/icpd_v1.go:1051.98,1053.3 1 0
go-sdk-template/icpdv1/icpd_v1.go:1059.108,1061.3 1 0
go-sdk-template/icpdv1/icpd_v1.go:1063.72,1065.3 1 0
go-sdk-template/icpdv1/icpd_v1.go:1068.50,1070.3 1 1
go-sdk-template/icpdv1/icpd_v1.go:1075.16,1077.3 1 0
go-sdk-template/icpdv1/icpd_v1.go:1084.98,1086.8 2 1
go-sdk-template/icpdv1/icpd_v1.go:1089.2,1089.12 1 0
go-sdk-template/icpdv1/icpd_v1.go:1086.8,1088.3 1 1
go-sdk-template/icpdv1/icpd_v1.go:1095.96,1096.94 1 1
go-sdk-template/icpdv1/icpd_v1.go:1099.2,1099.80 1 1
go-sdk-template/icpdv1/icpd_v1.go:1103.2,1107.108 4 1
go-sdk-template/icpdv1/icpd_v1.go:1111.2,1111.63 1 1
go-sdk-template/icpdv1/icpd_v1.go:1115.2,1116.50 2 1
go-sdk-template/icpdv1/icpd_v1.go:1120.2,1127.16 6 1
go-sdk-template/icpdv1/icpd_v1.go:1131.2,1132.22 2 1
go-sdk-template/icpdv1/icpd_v1.go:1096.94,1098.3 1 1
go-sdk-template/icpdv1/icpd_v1.go:1099.80,1101.3 1 0
go-sdk-template/icpdv1/icpd_v1.go:1107.108,1109.3 1 0
go-sdk-template/icpdv1/icpd_v1.go:1111.63,1113.3 1 0
go-sdk-template/icpdv1/icpd_v1.go:1116.50,1118.3 1 1
go-sdk-template/icpdv1/icpd_v1.go:1127.16,1129.3 1 0
go-sdk-template/icpdv1/icpd_v1.go:1136.101,1138.8 2 1
go-sdk-template/icpdv1/icpd_v1.go:1141.2,1141.12 1 0
go-sdk-template/icpdv1/icpd_v1.go:1138.8,1140.3 1 1
go-sdk-template/icpdv1/icpd_v1.go:1148.105,1149.86 1 1
go-sdk-template/icpdv1/icpd_v1.go:1153.2,1157.108 4 1
go-sdk-template/icpdv1/icpd_v1.go:1161.2,1161.66 1 1
go-sdk-template/icpdv1/icpd_v1.go:1165.2,1166.50 2 1
go-sdk-template/icpdv1/icpd_v1.go:1170.2,1174.43 4 1
go-sdk-template/icpdv1/icpd_v1.go:1177.2,1177.41 1 1
go-sdk-template/icpdv1/icpd_v1.go:1180.2,1180.41 1 1
go-sdk-template/icpdv1/icpd_v1.go:1183.2,1183.48 1 1
go-sdk-template/icpdv1/icpd_v1.go:1186.2,1186.40 1 1
go-sdk-template/icpdv1/icpd_v1.go:1189.2,1189.47 1 1
go-sdk-template/icpdv1/icpd_v1.go:1192.2,1192.47 1 1
go-sdk-template/icpdv1/icpd_v1.go:1195.2,1195.60 1 1
go-sdk-template/icpdv1/icpd_v1.go:1199.2,1200.16 2 1
go-sdk-template/icpdv1/icpd_v1.go:1204.2,1205.22 2 1
go-sdk-template/icpdv1/icpd_v1.go:1149.86,1151.3 1 1
go-sdk-template/icpdv1/icpd_v1.go:1157.108,1159.3 1 0
go-sdk-template/icpdv1/icpd_v1.go:1161.66,1163.3 1 0
go-sdk-template/icpdv1/icpd_v1.go:1166.50,1168.3 1 1
go-sdk-template/icpdv1/icpd_v1.go:1174.43,1176.3 1 0
go-sdk-template/icpdv1/icpd_v1.go:1177.41,1179.3 1 0
go-sdk-template/icpdv1/icpd_v1.go:1180.41,1182.3 1 0
go-sdk-template/icpdv1/icpd_v1.go:1183.48,1185.3 1 0
go-sdk-template/icpdv1/icpd_v1.go:1186.40,1188.3 1 0
go-sdk-template/icpdv1/icpd_v1.go:1189.47,1191.3 1 0
go-sdk-template/icpdv1/icpd_v1.go:1192.47,1194.3 1 0
go-sdk-template/icpdv1/icpd_v1.go:1195.60,1197.3 1 0
go-sdk-template/icpdv1/icpd_v1.go:1200.16,1202.3 1 0
go-sdk-template/icpdv1/icpd_v1.go:1209.92,1211.8 2 1
go-sdk-template/icpdv1/icpd_v1.go:1214.2,1214.12 1 0
go-sdk-template/icpdv1/icpd_v1.go:1211.8,1213.3 1 1
go-sdk-template/icpdv1/icpd_v1.go:1219.105,1220.86 1 1
go-sdk-template/icpdv1/icpd_v1.go:1224.2,1228.108 4 1
go-sdk-template/icpdv1/icpd_v1.go:1232.2,1232.66 1 1
go-sdk-template/icpdv1/icpd_v1.go:1236.2,1237.50 2 1
go-sdk-template/icpdv1/icpd_v1.go:1241.2,1245.45 4 1
go-sdk-template/icpdv1/icpd_v1.go:1248.2,1248.41 1 1
go-sdk-template/icpdv1/icpd_v1.go:1251.2,1251.42 1 1
go-sdk-template/icpdv1/icpd_v1.go:1254.2,1254.60 1 1
go-sdk-template/icpdv1/icpd_v1.go:1258.2,1259.16 2 1
go-sdk-template/icpdv1/icpd_v1.go:1263.2,1264.22 2 1
go-sdk-template/icpdv1/icpd_v1.go:1220.86,1222.3 1 1
go-sdk-template/icpdv1/icpd_v1.go:1228.108,1230.3 1 0
go-sdk-template/icpdv1/icpd_v1.go:1232.66,1234.3 1 0
go-sdk-template/icpdv1/icpd_v1.go:1237.50,1239.3 1 1
go-sdk-template/icpdv1/icpd_v1.go:1245.45,1247.3 1 0
go-sdk-template/icpdv1/icpd_v1.go:1248.41,1250.3 1 0
go-sdk-template/icpdv1/icpd_v1.go:1251.42,1253.3 1 0
go-sdk-template/icpdv1/icpd_v1.go:1254.60,1256.3 1 0
go-sdk-template/icpdv1/icpd_v1.go:1259.16,1261.3 1 0
go-sdk-template/icpdv1/icpd_v1.go:1268.92,1270.8 2 1
go-sdk-template/icpdv1/icpd_v1.go:1273.2,1273.12 1 0
go-sdk-template/icpdv1/icpd_v1.go:1270.8,1272.3 1 1
go-sdk-template/icpdv1/icpd_v1.go:1278.108,1279.102 1 1
go-sdk-template/icpdv1/icpd_v1.go:1282.2,1282.88 1 1
go-sdk-template/icpdv1/icpd_v1.go:1286.2,1290.108 4 1
go-sdk-template/icpdv1/icpd_v1.go:1294.2,1294.67 1 1
go-sdk-template/icpdv1/icpd_v1.go:1298.2,1299.50 2 1
go-sdk-template/icpdv1/icpd_v1.go:1303.2,1306.16 3 1
go-sdk-template/icpdv1/icpd_v1.go:1310.2,1311.22 2 1
go-sdk-template/icpdv1/icpd_v1.go:1279.102,1281.3 1 1
go-sdk-template/icpdv1/icpd_v1.go:1282.88,1284.3 1 0
go-sdk-template/icpdv1/icpd_v1.go:1290.108,1292.3 1 0
go-sdk-template/icpdv1/icpd_v1.go:1294.67,1296.3 1 0
go-sdk-template/icpdv1/icpd_v1.go:1299.50,1301.3 1 1
go-sdk-template/icpdv1/icpd_v1.go:1306.16,1308.3 1 0
go-sdk-template/icpdv1/icpd_v1.go:1315.105,1317.8 2 1
go-sdk-template/icpdv1/icpd_v1.go:1320.2,1320.12 1 0
go-sdk-template/icpdv1/icpd_v1.go:1317.8,1319.3 1 1
go-sdk-template/icpdv1/icpd_v1.go:1325.96,1326.80 1 1
go-sdk-template/icpdv1/icpd_v1.go:1330.2,1334.108 4 1
go-sdk-template/icpdv1/icpd_v1.go:1338.2,1338.63 1 1
go-sdk-template/icpdv1/icpd_v1.go:1342.2,1343.50 2 1
go-sdk-template/icpdv1/icpd_v1.go:1347.2,1350.16 3 1
go-sdk-template/icpdv1/icpd_v1.go:1354.2,1355.22 2 1
go-sdk-template/icpdv1/icpd_v1.go:1326.80,1328.3 1 1
go-sdk-template/icpdv1/icpd_v1.go:1334.108,1336.3 1 0
go-sdk-template/icpdv1/icpd_v1.go:1338.63,1340.3 1 0
go-sdk-template/icpdv1/icpd_v1.go:1343.50,1345.3 1 1
go-sdk-template/icpdv1/icpd_v1.go:1350.16,1352.3 1 0
go-sdk-template/icpdv1/icpd_v1.go:1359.94,1361.8 2 1
go-sdk-template/icpdv1/icpd_v1.go:1364.2,1364.12 1 0
go-sdk-template/icpdv1/icpd_v1.go:1361.8,1363.3 1 1
go-sdk-template/icpdv1/icpd_v1.go:1369.105,1370.100 1 1
go-sdk-template/icpdv1/icpd_v1.go:1373.2,1373.86 1 1
go-sdk-template/icpdv1/icpd_v1.go:1377.2,1381.108 4 1
go-sdk-template/icpdv1/icpd_v1.go:1385.2,1385.66 1 1
go-sdk-template/icpdv1/icpd_v1.go:1389.2,1390.50 2 1
go-sdk-template/icpdv1/icpd_v1.go:1394.2,1396.50 2 1
go-sdk-template/icpdv1/icpd_v1.go:1399.2,1399.50 1 1
go-sdk-template/icpdv1/icpd_v1.go:1402.2,1402.52 1 1
go-sdk-template/icpdv1/icpd_v1.go:1406.2,1407.16 2 1
go-sdk-template/icpdv1/icpd_v1.go:1411.2,1412.22 2 1
go-sdk-template/icpdv1/icpd_v1.go:1370.100,1372.3 1 1
go-sdk-template/icpdv1/icpd_v1.go:1373.86,1375.3 1 0
go-sdk-template/icpdv1/icpd_v1.go:1381.108,1383.3 1 0
go-sdk-template/icpdv1/icpd_v1.go:1385.66,1387.3 1 0
go-sdk-template/icpdv1/icpd_v1.go:1390.50,1392.3 1 1
go-sdk-template/icpdv1/icpd_v1.go:1396.50,1398.3 1 0
go-sdk-template/icpdv1/icpd_v1.go:1399.50,1401.3 1 0
go-sdk-template/icpdv1/icpd_v1.go:1402.52,1404.3 1 0
go-sdk-template/icpdv1/icpd_v1.go:1407.16,1409.3 1 0
go-sdk-template/icpdv1/icpd_v1.go:1416.104,1418.8 2 1
go-sdk-template/icpdv1/icpd_v1.go:1421.2,1421.12 1 0
go-sdk-template/icpdv1/icpd_v1.go:1418.8,1420.3 1 1
go-sdk-template/icpdv1/icpd_v1.go:1426.111,1427.104 1 1
go-sdk-template/icpdv1/icpd_v1.go:1430.2,1430.90 1 1
go-sdk-template/icpdv1/icpd_v1.go:1434.2,1438.108 4 1
go-sdk-template/icpdv1/icpd_v1.go:1442.2,1442.68 1 1
go-sdk-template/icpdv1/icpd_v1.go:1446.2,1447.50 2 1
go-sdk-template/icpdv1/icpd_v1.go:1451.2,1454.16 3 1
go-sdk-template/icpdv1/icpd_v1.go:1458.2,1459.22 2 1
go-sdk-template/icpdv1/icpd_v1.go:1427.104,1429.3 1 1
go-sdk-template/icpdv1/icpd_v1.go:1430.90,1432.3 1 0
go-sdk-template/icpdv1/icpd_v1.go:1438.108,1440.3 1 0
go-sdk-template/icpdv1/icpd_v1.go:1442.68,1444.3 1 0
go-sdk-template/icpdv1/icpd_v1.go:1447.50,1449.3 1 1
go-sdk-template/icpdv1/icpd_v1.go:1454.16,1456.3 1 0
go-sdk-template/icpdv1/icpd_v1.go:1463.106,1465.8 2 1
go-sdk-template/icpdv1/icpd_v1.go:1468.2,1468.12 1 0
go-sdk-template/icpdv1/icpd_v1.go:1465.8,1467.3 1 1
go-sdk-template/icpdv1/icpd_v1.go:1473.117,1474.108 1 1
go-sdk-template/icpdv1/icpd_v1.go:1477.2,1477.94 1 1
go-sdk-template/icpdv1/icpd_v1.go:1481.2,1485.108 4 1
go-sdk-template/icpdv1/icpd_v1.go:1489.2,1489.70 1 1
go-sdk-template/icpdv1/icpd_v1.go:1493.2,1494.50 2 1
go-sdk-template/icpdv1/icpd_v1.go:1498.2,1504.16 5 1
go-sdk-template/icpdv1/icpd_v1.go:1508.2,1509.22 2 1
go-sdk-template/icpdv1/icpd_v1.go:1474.108,1476.3 1 1
go-sdk-template/icpdv1/icpd_v1.go:1477.94,1479.3 1 0
go-sdk-template/icpdv1/icpd_v1.go:1485.108,1487.3 1 0
go-sdk-template/icpdv1/icpd_v1.go:1489.70,1491.3 1 0
go-sdk-template/icpdv1/icpd_v1.go:1494.50,1496.3 1 1
go-sdk-template/icpdv1/icpd_v1.go:1504.16,1506.3 1 0
go-sdk-template/icpdv1/icpd_v1.go:1513.113,1515.8 2 1
go-sdk-template/icpdv1/icpd_v1.go:1518.2,1518.12 1 0
go-sdk-template/icpdv1/icpd_v1.go:1515.8,1517.3 1 1
go-sdk-template/icpdv1/icpd_v1.go:1524.126,1525.100 1 1
go-sdk-template/icpdv1/icpd_v1.go:1529.2,1533.108 4 1
go-sdk-template/icpdv1/icpd_v1.go:1537.2,1537.73 1 1
go-sdk-template/icpdv1/icpd_v1.go:1541.2,1542.50 2 1
go-sdk-template/icpdv1/icpd_v1.go:1546.2,1550.48 4 1
go-sdk-template/icpdv1/icpd_v1.go:1553.2,1553.48 1 1
go-sdk-template/icpdv1/icpd_v1.go:1556.2,1556.55 1 1
go-sdk-template/icpdv1/icpd_v1.go:1559.2,1559.55 1 1
go-sdk-template/icpdv1/icpd_v1.go:1562.2,1562.60 1 1
go-sdk-template/icpdv1/icpd_v1.go:1566.2,1567.16 2 1
go-sdk-template/icpdv1/icpd_v1.go:1571.2,1572.22 2 1
go-sdk-template/icpdv1/icpd_v1.go:1525.100,1527.3 1 1
go-sdk-template/icpdv1/icpd_v1.go:1533.108,1535.3 1 0
go-sdk-template/icpdv1/icpd_v1.go:1537.73,1539.3 1 0
go-sdk-template/icpdv1/icpd_v1.go:1542.50,1544.3 1 1
go-sdk-template/icpdv1/icpd_v1.go:1550.48,1552.3 1 0
go-sdk-template/icpdv1/icpd_v1.go:1553.48,1555.3 1 0
go-sdk-template/icpdv1/icpd_v1.go:1556.55,1558.3 1 0
go-sdk-template/icpdv1/icpd_v1.go:1559.55,1561.3 1 0
go-sdk-template/icpdv1/icpd_v1.go:1562.60,1564.3 1 0
go-sdk-template/icpdv1/icpd_v1.go:1567.16,1569.3 1 0
go-sdk-template/icpdv1/icpd_v1.go:1576.99,1578.8 2 1
go-sdk-template/icpdv1/icpd_v1.go:1581.2,1581.12 1 0
go-sdk-template/icpdv1/icpd_v1.go:1578.8,1580.3 1 1
go-sdk-template/icpdv1/icpd_v1.go:1586.126,1587.100 1 1
go-sdk-template/icpdv1/icpd_v1.go:1591.2,1595.108 4 1
go-sdk-template/icpdv1/icpd_v1.go:1599.2,1599.73 1 1
go-sdk-template/icpdv1/icpd_v1.go:1603.2,1604.50 2 1
go-sdk-template/icpdv1/icpd_v1.go:1608.2,1612.48 4 1
go-sdk-template/icpdv1/icpd_v1.go:1615.2,1615.48 1 1
go-sdk-template/icpdv1/icpd_v1.go:1618.2,1618.55 1 1
go-sdk-template/icpdv1/icpd_v1.go:1621.2,1621.55 1 1
go-sdk-template/icpdv1/icpd_v1.go:1624.2,1624.60 1 1
go-sdk-template/icpdv1/icpd_v1.go:1628.2,1629.16 2 1
go-sdk-template/icpdv1/icpd_v1.go:1633.2,1634.22 2 1
go-sdk-template/icpdv1/icpd_v1.go:1587.100,1589.3 1 1
go-sdk-template/icpdv1/icpd_v1.go:1595.108,1597.3 1 0
go-sdk-template/icpdv1/icpd_v1.go:1599.73,1601.3 1 0
go-sdk-template/icpdv1/icpd_v1.go:1604.50,1606.3 1 1
go-sdk-template/icpdv1/icpd_v1.go:1612.48,1614.3 1 0
go-sdk-template/icpdv1/icpd_v1.go:1615.48,1617.3 1 0
go-sdk-template/icpdv1/icpd_v1.go:1618.55,1620.3 1 0
go-sdk-template/icpdv1/icpd_v1.go:1621.55,1623.3 1 0
go-sdk-template/icpdv1/icpd_v1.go:1624.60,1626.3 1 0
go-sdk-template/icpdv1/icpd_v1.go:1629.16,1631.3 1 0
go-sdk-template/icpdv1/icpd_v1.go:1638.99,1640.8 2 1
go-sdk-template/icpdv1/icpd_v1.go:1643.2,1643.12 1 0
go-sdk-template/icpdv1/icpd_v1.go:1640.8,1642.3 1 1
go-sdk-template/icpdv1/icpd_v1.go:1648.102,1649.84 1 1
go-sdk-template/icpdv1/icpd_v1.go:1653.2,1657.108 4 1
go-sdk-template/icpdv1/icpd_v1.go:1661.2,1661.65 1 1
go-sdk-template/icpdv1/icpd_v1.go:1665.2,1666.50 2 1
go-sdk-template/icpdv1/icpd_v1.go:1670.2,1671.37 2 1
go-sdk-template/icpdv1/icpd_v1.go:1675.2,1676.16 2 1
go-sdk-template/icpdv1/icpd_v1.go:1680.2,1681.22 2 1
go-sdk-template/icpdv1/icpd_v1.go:1649.84,1651.3 1 1
go-sdk-template/icpdv1/icpd_v1.go:1657.108,1659.3 1 0
go-sdk-template/icpdv1/icpd_v1.go:1661.65,1663.3 1 0
go-sdk-template/icpdv1/icpd_v1.go:1666.50,1668.3 1 1
go-sdk-template/icpdv1/icpd_v1.go:1671.37,1673.3 1 0
go-sdk-template/icpdv1/icpd_v1.go:1676.16,1678.3 1 0
go-sdk-template/icpdv1/icpd_v1.go:1685.91,1687.8 2 1
go-sdk-template/icpdv1/icpd_v1.go:1690.2,1690.12 1 0
go-sdk-template/icpdv1/icpd_v1.go:1687.8,1689.3 1 1
go-sdk-template/icpdv1/icpd_v1.go:1704.86,1708.2 1 1
go-sdk-template/icpdv1/icpd_v1.go:1711.91,1714.2 2 0
go-sdk-template/icpdv1/icpd_v1.go:1717.98,1720.2 2 0
go-sdk-template/icpdv1/icpd_v1.go:1736.90,1740.2 1 1
go-sdk-template/icpdv1/icpd_v1.go:1743.91,1746.2 2 0
go-sdk-template/icpdv1/icpd_v1.go:1749.111,1752.2 2 0
go-sdk-template/icpdv1/icpd_v1.go:1755.104,1758.2 2 0
go-sdk-template/icpdv1/icpd_v1.go:1790.65,1792.2 1 1
go-sdk-template/icpdv1/icpd_v1.go:1795.91,1798.2 2 0
go-sdk-template/icpdv1/icpd_v1.go:1801.87,1804.2 2 0
go-sdk-template/icpdv1/icpd_v1.go:1807.87,1810.2 2 0
go-sdk-template/icpdv1/icpd_v1.go:1813.112,1816.2 2 0
go-sdk-template/icpdv1/icpd_v1.go:1819.83,1822.2 2 0
go-sdk-template/icpdv1/icpd_v1.go:1825.99,1828.2 2 0
go-sdk-template/icpdv1/icpd_v1.go:1831.99,1834.2 2 0
go-sdk-template/icpdv1/icpd_v1.go:1837.92,1840.2 2 0
go-sdk-template/icpdv1/icpd_v1.go:1863.79,1865.2 1 1
go-sdk-template/icpdv1/icpd_v1.go:1868.101,1871.2 2 0
go-sdk-template/icpdv1/icpd_v1.go:1874.101,1877.2 2 0
go-sdk-template/icpdv1/icpd_v1.go:1880.115,1883.2 2 0
go-sdk-template/icpdv1/icpd_v1.go:1886.115,1889.2 2 0
go-sdk-template/icpdv1/icpd_v1.go:1892.106,1895.2 2 0
go-sdk-template/icpdv1/icpd_v1.go:1914.63,1916.2 1 1
go-sdk-template/icpdv1/icpd_v1.go:1919.89,1922.2 2 0
go-sdk-template/icpdv1/icpd_v1.go:1925.91,1928.2 2 0
go-sdk-template/icpdv1/icpd_v1.go:1931.83,1934.2 2 0
go-sdk-template/icpdv1/icpd_v1.go:1937.90,1940.2 2 0
go-sdk-template/icpdv1/icpd_v1.go:1962.63,1964.2 1 1
go-sdk-template/icpdv1/icpd_v1.go:1967.89,1970.2 2 0
go-sdk-template/icpdv1/icpd_v1.go:1973.77,1976.2 2 0
go-sdk-template/icpdv1/icpd_v1.go:1979.83,1982.2 2 0
go-sdk-template/icpdv1/icpd_v1.go:1985.87,1988.2 2 0
go-sdk-template/icpdv1/icpd_v1.go:1991.90,1994.2 2 0
go-sdk-template/icpdv1/icpd_v1.go:2007.91,2011.2 1 1
go-sdk-template/icpdv1/icpd_v1.go:2014.95,2017.2 2 0
go-sdk-template/icpdv1/icpd_v1.go:2020.104,2023.2 2 0
go-sdk-template/icpdv1/icpd_v1.go:2042.65,2044.2 1 1
go-sdk-template/icpdv1/icpd_v1.go:2047.95,2050.2 2 0
go-sdk-template/icpdv1/icpd_v1.go:2053.87,2056.2 2 0
go-sdk-template/icpdv1/icpd_v1.go:2059.89,2062.2 2 0
go-sdk-template/icpdv1/icpd_v1.go:2065.92,2068.2 2 0
go-sdk-template/icpdv1/icpd_v1.go:2091.79,2093.2 1 1
go-sdk-template/icpdv1/icpd_v1.go:2096.101,2099.2 2 0
go-sdk-template/icpdv1/icpd_v1.go:2102.101,2105.2 2 0
go-sdk-template/icpdv1/icpd_v1.go:2108.115,2111.2 2 0
go-sdk-template/icpdv1/icpd_v1.go:2114.115,2117.2 2 0
go-sdk-template/icpdv1/icpd_v1.go:2120.106,2123.2 2 0
go-sdk-template/icpdv1/icpd_v1.go:2139.78,2143.2 1 1
go-sdk-template/icpdv1/icpd_v1.go:2146.83,2149.2 2 0
go-sdk-template/icpdv1/icpd_v1.go:2152.79,2155.2 2 0
go-sdk-template/icpdv1/icpd_v1.go:2158.90,2161.2 2 0
go-sdk-template/icpdv1/icpd_v1.go:2177.78,2181.2 1 1
go-sdk-template/icpdv1/icpd_v1.go:2184.83,2187.2 2 0
go-sdk-template/icpdv1/icpd_v1.go:2190.79,2193.2 2 0
go-sdk-template/icpdv1/icpd_v1.go:2196.90,2199.2 2 0
go-sdk-template/icpdv1/icpd_v1.go:2209.79,2211.2 1 1
go-sdk-template/icpdv1/icpd_v1.go:2214.106,2217.2 2 0
go-sdk-template/icpdv1/icpd_v1.go:2230.77,2232.2 1 1
go-sdk-template/icpdv1/icpd_v1.go:2235.93,2238.2 2 0
go-sdk-template/icpdv1/icpd_v1.go:2241.104,2244.2 2 0
go-sdk-template/icpdv1/icpd_v1.go:2257.65,2259.2 1 1
go-sdk-template/icpdv1/icpd_v1.go:2262.81,2265.2 2 0
go-sdk-template/icpdv1/icpd_v1.go:2268.92,2271.2 2 0
go-sdk-template/icpdv1/icpd_v1.go:2284.65,2286.2 1 1
go-sdk-template/icpdv1/icpd_v1.go:2289.81,2292.2 2 0
go-sdk-template/icpdv1/icpd_v1.go:2295.92,2298.2 2 0
go-sdk-template/icpdv1/icpd_v1.go:2311.85,2315.2 1 1
go-sdk-template/icpdv1/icpd_v1.go:2318.89,2321.2 2 0
go-sdk-template/icpdv1/icpd_v1.go:2324.98,2327.2 2 0
go-sdk-template/icpdv1/icpd_v1.go:2340.81,2344.2 1 1
go-sdk-template/icpdv1/icpd_v1.go:2347.85,2350.2 2 0
go-sdk-template/icpdv1/icpd_v1.go:2353.94,2356.2 2 0
go-sdk-template/icpdv1/icpd_v1.go:2375.116,2381.2 1 1
go-sdk-template/icpdv1/icpd_v1.go:2384.81,2387.2 2 0
go-sdk-template/icpdv1/icpd_v1.go:2390.89,2393.2 2 0
go-sdk-template/icpdv1/icpd_v1.go:2396.83,2399.2 2 0
go-sdk-template/icpdv1/icpd_v1.go:2402.86,2405.2 2 0
go-sdk-template/icpdv1/icpd_v1.go:2418.117,2423.2 1 1
go-sdk-template/icpdv1/icpd_v1.go:2426.105,2429.2 2 0
go-sdk-template/icpdv1/icpd_v1.go:2432.105,2435.2 2 0
go-sdk-template/icpdv1/icpd_v1.go:2438.112,2441.2 2 0
go-sdk-template/icpdv1/icpd_v1.go:2454.53,2456.2 1 1
go-sdk-template/icpdv1/icpd_v1.go:2459.69,2462.2 2 0
go-sdk-template/icpdv1/icpd_v1.go:2465.80,2468.2 2 0
go-sdk-template/icpdv1/icpd_v1.go:2481.63,2483.2 1 1
go-sdk-template/icpdv1/icpd_v1.go:2486.79,2489.2 2 0
go-sdk-template/icpdv1/icpd_v1.go:2492.90,2495.2 2 0
go-sdk-template/icpdv1/icpd_v1.go:2511.107,2516.2 1 1
go-sdk-template/icpdv1/icpd_v1.go:2519.95,2522.2 2 0
go-sdk-template/icpdv1/icpd_v1.go:2525.95,2528.2 2 0
go-sdk-template/icpdv1/icpd_v1.go:2531.100,2534.2 2 0
go-sdk-template/icpdv1/icpd_v1.go:2550.72,2554.2 1 1
go-sdk-template/icpdv1/icpd_v1.go:2557.77,2560.2 2 0
go-sdk-template/icpdv1/icpd_v1.go:2563.73,2566.2 2 0
go-sdk-template/icpdv1/icpd_v1.go:2569.84,2572.2 2 0
go-sdk-template/icpdv1/icpd_v1.go:2585.84,2589.2 1 1
go-sdk-template/icpdv1/icpd_v1.go:2592.89,2595.2 2 0
go-sdk-template/icpdv1/icpd_v1.go:2598.96,2601.2 2 0
go-sdk-template/icpdv1/icpd_v1.go:2623.80,2627.2 1 1
go-sdk-template/icpdv1/icpd_v1.go:2630.85,2633.2 2 0
go-sdk-template/icpdv1/icpd_v1.go:2636.103,2639.2 2 0
go-sdk-template/icpdv1/icpd_v1.go:2642.103,2645.2 2 0
go-sdk-template/icpdv1/icpd_v1.go:2648.107,2651.2 2 0
go-sdk-template/icpdv1/icpd_v1.go:2654.92,2657.2 2 0
go-sdk-template/icpdv1/icpd_v1.go:2667.59,2669.2 1 1
go-sdk-template/icpdv1/icpd_v1.go:2672.86,2675.2 2 0
go-sdk-template/icpdv1/icpd_v1.go:2691.72,2695.2 1 1
go-sdk-template/icpdv1/icpd_v1.go:2698.77,2701.2 2 0
go-sdk-template/icpdv1/icpd_v1.go:2704.73,2707.2 2 0
go-sdk-template/icpdv1/icpd_v1.go:2710.84,2713.2 2 0
go-sdk-template/icpdv1/icpd_v1.go:2729.90,2733.2 1 1
go-sdk-template/icpdv1/icpd_v1.go:2736.91,2739.2 2 0
go-sdk-template/icpdv1/icpd_v1.go:2742.111,2745.2 2 0
go-sdk-template/icpdv1/icpd_v1.go:2748.104,2751.2 2 0
go-sdk-template/icpdv1/icpd_v1.go:2767.59,2769.2 1 1
go-sdk-template/icpdv1/icpd_v1.go:2772.85,2775.2 2 0
go-sdk-template/icpdv1/icpd_v1.go:2778.73,2781.2 2 0
go-sdk-template/icpdv1/icpd_v1.go:2784.86,2787.2 2 0
go-sdk-template/icpdv1/icpd_v1.go:2806.78,2810.2 1 1
go-sdk-template/icpdv1/icpd_v1.go:2813.83,2816.2 2 0
go-sdk-template/icpdv1/icpd_v1.go:2819.89,2822.2 2 0
go-sdk-template/icpdv1/icpd_v1.go:2825.91,2828.2 2 0
go-sdk-template/icpdv1/icpd_v1.go:2831.90,2834.2 2 0
go-sdk-template/icpdv1/icpd_v1.go:2859.78,2863.2 1 1
go-sdk-template/icpdv1/icpd_v1.go:2866.83,2869.2 2 0
go-sdk-template/icpdv1/icpd_v1.go:2872.95,2875.2 2 0
go-sdk-template/icpdv1/icpd_v1.go:2878.89,2881.2 2 0
go-sdk-template/icpdv1/icpd_v1.go:2884.77,2887.2 2 0
go-sdk-template/icpdv1/icpd_v1.go:2890.87,2893.2 2 0
go-sdk-template/icpdv1/icpd_v1.go:2896.90,2899.2 2 0
